This is e-pTeX, Version 3.1415926-p3.3-110825-2.5 (utf8.sjis) (TeX Live 2012/W32TeX) (format=platex 2012.8.4)  28 NOV 2012 00:13
entering extended mode
 restricted \write18 enabled.
 Source specials enabled.
 %&-line parsing enabled.
**rsj-sakasegawa-2012.tex
(./rsj-sakasegawa-2012.tex
pLaTeX2e <2006/11/10>+0 (based on LaTeX2e <2011/06/27> patch level 0)
Babel <v3.8m> and hyphenation patterns for english, german-x-2012-05-30, ngerma
n-x-2012-05-30, afrikaans, ancientgreek, ibycus, arabic, armenian, basque, bulg
arian, catalan, pinyin, coptic, croatian, czech, danish, dutch, ukenglish, usen
glishmax, esperanto, estonian, ethiopic, farsi, finnish, french, friulan, galic
ian, german, ngerman, swissgerman, monogreek, greek, hungarian, icelandic, assa
mese, bengali, gujarati, hindi, kannada, malayalam, marathi, oriya, panjabi, ta
mil, telugu, indonesian, interlingua, irish, italian, kurmanji, latin, latvian,
 lithuanian, mongolian, mongolianlmc, bokmal, nynorsk, polish, portuguese, roma
nian, romansh, russian, sanskrit, serbian, serbianc, slovak, slovenian, spanish
, swedish, turkish, turkmen, ukrainian, uppersorbian, welsh, dumylang, nohyphen
ation, loaded.
(./jrsj.cls
Document Class: jrsj 2000/05/22 v1.1 for Journal of the Robotics Society of Jap
an
\@JQ=\dimen118
\@Q=\dimen119
\@EM=\dimen120
\c@@paper=\count81
LaTeX Font Info:    External font `min9 at8.8711pt' loaded for size
(Font)              <9> on input line 214.
\@abstractbox=\box41
\@keywordsbox=\box42
\@authorlist=\toks15
\@authorcnt=\count82
\@alcnt=\count83
\@totalnumber=\count84
\authornamesep=\dimen121
\@headnamesep=\dimen122
\@spcnt=\count85
\totalnumberm@ne=\count86
\chk@alcnt=\count87
\c@section=\count88
\c@subsection=\count89
\c@subsubsection=\count90
\c@paragraph=\count91
\c@subparagraph=\count92
\@tmpfncnt=\count93
\verbatimleftmargin=\dimen123
\verbatimbaselineskip=\dimen124
\c@figure=\count94
\c@table=\count95
\abovecaptionskip=\skip41
\belowcaptionskip=\skip42
\capwidth=\dimen125
\@tempboxb=\box43
\symmincho=\mathgroup4
LaTeX Font Info:    Overwriting symbol font `mincho' in version `bold'
(Font)                  JY1/mc/m/n --> JY1/gt/m/n on input line 2087.
\bibindent=\dimen126
\@minsofar=\count96
\@min=\count97
\@cite@temp=\count98
\heisei=\count99
) (c:/w32tex/share/texmf/tex/latex/graphics/graphicx.sty
Package: graphicx 1999/02/16 v1.0f Enhanced LaTeX Graphics (DPC,SPQR)

(c:/w32tex/share/texmf/tex/latex/graphics/keyval.sty
Package: keyval 1999/03/16 v1.13 key=value parser (DPC)
\KV@toks@=\toks16
)
(c:/w32tex/share/texmf/tex/latex/graphics/graphics.sty
Package: graphics 2009/02/05 v1.0o Standard LaTeX Graphics (DPC,SPQR)

(c:/w32tex/share/texmf/tex/latex/graphics/trig.sty
Package: trig 1999/03/16 v1.09 sin cos tan (DPC)
)
(c:/w32tex/share/texmf/tex/latex/config/graphics.cfg
File: graphics.cfg 2010/04/23 v1.9 graphics configuration of TeX Live
)
Package graphics Info: Driver file: dvips.def on input line 91.

(c:/w32tex/share/texmf/tex/latex/graphics/dvips.def
File: dvips.def 1999/02/16 v3.0i Driver-dependant file (DPC,SPQR)
))
\Gin@req@height=\dimen127
\Gin@req@width=\dimen128
)
(./rsj-sakasegawa-2012.aux)
\openout1 = `rsj-sakasegawa-2012.aux'.

LaTeX Font Info:    Checking defaults for OML/cmm/m/it on input line 46.
LaTeX Font Info:    ... okay on input line 46.
LaTeX Font Info:    Checking defaults for T1/cmr/m/n on input line 46.
LaTeX Font Info:    ... okay on input line 46.
LaTeX Font Info:    Checking defaults for OT1/cmr/m/n on input line 46.
LaTeX Font Info:    ... okay on input line 46.
LaTeX Font Info:    Checking defaults for OMS/cmsy/m/n on input line 46.
LaTeX Font Info:    ... okay on input line 46.
LaTeX Font Info:    Checking defaults for OMX/cmex/m/n on input line 46.
LaTeX Font Info:    ... okay on input line 46.
LaTeX Font Info:    Checking defaults for U/cmr/m/n on input line 46.
LaTeX Font Info:    ... okay on input line 46.
LaTeX Font Info:    Checking defaults for JY1/mc/m/n on input line 46.
LaTeX Font Info:    ... okay on input line 46.
LaTeX Font Info:    Checking defaults for JT1/mc/m/n on input line 46.
LaTeX Font Info:    ... okay on input line 46.
LaTeX Font Info:    External font `min10 at9.6104pt' loaded for size
(Font)              <10> on input line 46.
LaTeX Font Info:    External font `min8 at8.1318pt' loaded for size
(Font)              <8> on input line 48.
LaTeX Font Info:    Font shape `JT1/mc/bx/n' in size <8> not available
(Font)              Font shape `JT1/gt/m/n' tried instead on input line 52.
LaTeX Font Info:    External font `goth8 at8.1318pt' loaded for size
(Font)              <8> on input line 52.
LaTeX Font Info:    Font shape `JT1/mc/bx/it' in size <8> not available
(Font)              Font shape `JT1/gt/m/n' tried instead on input line 52.
LaTeX Font Info:    Font shape `JY1/mc/bx/it' in size <8> not available
(Font)              Font shape `JY1/gt/m/n' tried instead on input line 52.
LaTeX Font Info:    External font `goth8 at8.1318pt' loaded for size
(Font)              <8> on input line 52.
LaTeX Font Info:    External font `min10 at13.307pt' loaded for size
(Font)              <12> on input line 55.
LaTeX Font Info:    Font shape `JT1/mc/bx/n' in size <12> not available
(Font)              Font shape `JT1/gt/m/n' tried instead on input line 55.
LaTeX Font Info:    External font `goth10 at13.307pt' loaded for size
(Font)              <12> on input line 55.
LaTeX Font Info:    External font `min10 at17.742pt' loaded for size
(Font)              <17.28> on input line 55.
LaTeX Font Info:    Font shape `JT1/mc/bx/n' in size <17.28> not available
(Font)              Font shape `JT1/gt/m/n' tried instead on input line 55.
LaTeX Font Info:    External font `goth10 at17.742pt' loaded for size
(Font)              <17.28> on input line 55.
LaTeX Font Info:    Font shape `JT1/mc/bx/n' in size <14.4> not available
(Font)              Font shape `JT1/gt/m/n' tried instead on input line 55.
LaTeX Font Info:    External font `goth10 at14.785pt' loaded for size
(Font)              <14.4> on input line 55.
LaTeX Font Info:    External font `cmex10' loaded for size
(Font)              <17.28> on input line 55.
LaTeX Font Info:    External font `cmex10' loaded for size
(Font)              <12> on input line 55.
LaTeX Font Info:    External font `min10 at11.089pt' loaded for size
(Font)              <10.95> on input line 55.
LaTeX Font Info:    External font `cmex10' loaded for size
(Font)              <10.95> on input line 55.
LaTeX Font Info:    External font `cmex10' loaded for size
(Font)              <8> on input line 55.
LaTeX Font Info:    External font `cmex10' loaded for size
(Font)              <6> on input line 55.
LaTeX Font Info:    External font `min6 at5.9141pt' loaded for size
(Font)              <6> on input line 55.
LaTeX Font Info:    Font shape `JT1/mc/bx/n' in size <10.95> not available
(Font)              Font shape `JT1/gt/m/n' tried instead on input line 55.
LaTeX Font Info:    External font `goth10 at11.089pt' loaded for size
(Font)              <10.95> on input line 55.
LaTeX Font Info:    External font `cmex10' loaded for size
(Font)              <7> on input line 55.
LaTeX Font Info:    External font `cmex10' loaded for size
(Font)              <5> on input line 55.
LaTeX Font Info:    External font `min7 at7.3926pt' loaded for size
(Font)              <7> on input line 55.
LaTeX Font Info:    External font `min5 at5.1748pt' loaded for size
(Font)              <5> on input line 55.
LaTeX Font Info:    Font shape `JT1/mc/m/it' in size <10> not available
(Font)              Font shape `JT1/mc/m/n' tried instead on input line 55.
LaTeX Font Info:    Font shape `JY1/mc/m/it' in size <10> not available
(Font)              Font shape `JY1/mc/m/n' tried instead on input line 55.
LaTeX Font Info:    External font `min10 at9.6104pt' loaded for size
(Font)              <10> on input line 55.
LaTeX Font Info:    Font shape `JT1/mc/bx/n' in size <10> not available
(Font)              Font shape `JT1/gt/m/n' tried instead on input line 58.
LaTeX Font Info:    External font `goth10 at9.6104pt' loaded for size
(Font)              <10> on input line 58.
LaTeX Font Info:    Font shape `JT1/mc/bx/n' in size <9> not available
(Font)              Font shape `JT1/gt/m/n' tried instead on input line 66.
LaTeX Font Info:    External font `goth9 at8.8711pt' loaded for size
(Font)              <9> on input line 66.
 [1


]
Missing character: There is no ^^ef in font cmr9!
Missing character: There is no ^^bd in font cmr9!
Missing character: There is no ^^a2 in font cmr9!
Missing character: There is no ^^ef in font cmr9!
Missing character: There is no ^^bd in font cmr9!
Missing character: There is no ^^a3 in font cmr9!
 [2] (./rsj-sakasegawa-2012.bbl
LaTeX Font Info:    External font `goth7 at7.3926pt' loaded for size
(Font)              <7> on input line 6.
LaTeX Font Info:    Font shape `JT1/gt/m/it' in size <7> not available
(Font)              Font shape `JT1/gt/m/n' tried instead on input line 6.
LaTeX Font Info:    Font shape `JY1/gt/m/it' in size <7> not available
(Font)              Font shape `JY1/gt/m/n' tried instead on input line 6.
LaTeX Font Info:    External font `goth7 at7.3926pt' loaded for size
(Font)              <7> on input line 6.
)
LaTeX Font Info:    External font `goth9 at8.8711pt' loaded for size
(Font)              <9> on input line 146.
 [3]
(./rsj-sakasegawa-2012.aux) ) 
Here is how much of TeX's memory you used:
 829 strings out of 494055
 9755 string characters out of 3159354
 77354 words of memory out of 3000000
 4298 multiletter control sequences out of 15000+200000
 21943 words of font info for 83 fonts, out of 3000000 for 9000
 745 hyphenation exceptions out of 8191
 27i,12n,22p,708b,273s stack positions out of 5000i,500n,10000p,500000b,50000s

Output written on rsj-sakasegawa-2012.dvi (3 pages, 24032 bytes).
